[    0.000000] Initializing cgroup subsys cpuset
[    0.000000] Initializing cgroup subsys cpu
[    0.000000] Initializing cgroup subsys cpuacct
[    0.000000] Linux version 4.4.0-176-generic (buildd@lgw01-amd64-035) (gcc version 5.4.0 20160609 (Ubuntu 5.4.0-6ubuntu1~16.04.12) ) #206-Ubuntu SMP Fri Feb 28 05:02:04 UTC 2020 (Ubuntu 4.4.0-176.206-generic 4.4.211)
[    0.000000] Command line: BOOT_IMAGE=/boot/vmlinuz-4.4.0-176-generic root=LABEL=cloudimg-rootfs ro console=tty1 console=ttyS0
[    0.000000] KERNEL supported cpus:
[    0.000000]   Intel GenuineIntel
[    0.000000]   AMD AuthenticAMD
[    0.000000]   Centaur CentaurHauls
[    0.000000] x86/fpu: xstate_offset[2]:  576, xstate_sizes[2]:  256
[    0.000000] x86/fpu: Supporting XSAVE feature 0x01: 'x87 floating point registers'
[    0.000000] x86/fpu: Supporting XSAVE feature 0x02: 'SSE registers'
[    0.000000] x86/fpu: Supporting XSAVE feature 0x04: 'AVX registers'
[    0.000000] x86/fpu: Enabled xstate features 0x7, context size is 832 bytes, using 'standard' format.
[    0.000000] e820: BIOS-provided physical RAM map:
[    0.000000] BIOS-e820: [mem 0x0000000000000000-0x000000000009fbff] usable
[    0.000000] BIOS-e820: [mem 0x000000000009fc00-0x000000000009ffff] reserved
[    0.000000] BIOS-e820: [mem 0x00000000000f0000-0x00000000000fffff] reserved
[    0.000000] BIOS-e820: [mem 0x0000000000100000-0x000000007ffeffff] usable
[    0.000000] BIOS-e820: [mem 0x000000007fff0000-0x000000007fffffff] ACPI data
[    0.000000] BIOS-e820: [mem 0x00000000fec00000-0x00000000fec00fff] reserved
[    0.000000] BIOS-e820: [mem 0x00000000fee00000-0x00000000fee00fff] reserved
[    0.000000] BIOS-e820: [mem 0x00000000fffc0000-0x00000000ffffffff] reserved
[    0.000000] NX (Execute Disable) protection: active
[    0.000000] SMBIOS 2.5 present.
[    0.000000] Hypervisor detected: KVM
[    0.000000] e820: last_pfn = 0x7fff0 max_arch_pfn = 0x400000000
[    0.000000] MTRR: Disabled
[    0.000000] x86/PAT: MTRRs disabled, skipping PAT initialization too.
[    0.000000] CPU MTRRs all blank - virtualized system.
[    0.000000] x86/PAT: Configuration [0-7]: WB  WT  UC- UC  WB  WT  UC- UC  
[    0.000000] found SMP MP-table at [mem 0x0009fff0-0x0009ffff] mapped at [ffff88000009fff0]
[    0.000000] Scanning 1 areas for low memory corruption
[    0.000000] RAMDISK: [mem 0x362e2000-0x37168fff]
[    0.000000] ACPI: Early table checksum verification disabled
[    0.000000] ACPI: RSDP 0x00000000000E0000 000024 (v02 VBOX  )
[    0.000000] ACPI: XSDT 0x000000007FFF0030 00003C (v01 VBOX   VBOXXSDT 00000001 ASL  00000061)
[    0.000000] ACPI: FACP 0x000000007FFF00F0 0000F4 (v04 VBOX   VBOXFACP 00000001 ASL  00000061)
[    0.000000] ACPI: DSDT 0x000000007FFF0470 0022EA (v02 VBOX   VBOXBIOS 00000002 INTL 20100528)
[    0.000000] ACPI: FACS 0x000000007FFF0200 000040
[    0.000000] ACPI: FACS 0x000000007FFF0200 000040
[    0.000000] ACPI: APIC 0x000000007FFF0240 000054 (v02 VBOX   VBOXAPIC 00000001 ASL  00000061)
[    0.000000] ACPI: SSDT 0x000000007FFF02A0 0001CC (v01 VBOX   VBOXCPUT 00000002 INTL 20100528)
[    0.000000] No NUMA configuration found
[    0.000000] Faking a node at [mem 0x0000000000000000-0x000000007ffeffff]
[    0.000000] NODE_DATA(0) allocated [mem 0x7ffeb000-0x7ffeffff]
[    0.000000] kvm-clock: Using msrs 4b564d01 and 4b564d00
[    0.000000] kvm-clock: cpu 0, msr 0:7ffe3001, primary cpu clock
[    0.000000] kvm-clock: using sched offset of 16656417256 cycles
[    0.000000] clocksource: kvm-clock: mask: 0xffffffffffffffff max_cycles: 0x1cd42e4dffb, max_idle_ns: 881590591483 ns
[    0.000000] Zone ranges:
[    0.000000]   DMA      [mem 0x0000000000001000-0x0000000000ffffff]
[    0.000000]   DMA32    [mem 0x0000000001000000-0x000000007ffeffff]
[    0.000000]   Normal   empty
[    0.000000]   Device   empty
[    0.000000] Movable zone start for each node
[    0.000000] Early memory node ranges
[    0.000000]   node   0: [mem 0x0000000000001000-0x000000000009efff]
[    0.000000]   node   0: [mem 0x0000000000100000-0x000000007ffeffff]
[    0.000000] Initmem setup node 0 [mem 0x0000000000001000-0x000000007ffeffff]
[    0.000000] ACPI: PM-Timer IO Port: 0x4008
[    0.000000] IOAPIC[0]: apic_id 1, version 32, address 0xfec00000, GSI 0-23
[    0.000000] ACPI: INT_SRC_OVR (bus 0 bus_irq 0 global_irq 2 dfl dfl)
[    0.000000] ACPI: INT_SRC_OVR (bus 0 bus_irq 9 global_irq 9 low level)
[    0.000000] Using ACPI (MADT) for SMP configuration information
[    0.000000] smpboot: Allowing 1 CPUs, 0 hotplug CPUs
[    0.000000] PM: Registered nosave memory: [mem 0x00000000-0x00000fff]
[    0.000000] PM: Registered nosave memory: [mem 0x0009f000-0x0009ffff]
[    0.000000] PM: Registered nosave memory: [mem 0x000a0000-0x000effff]
[    0.000000] PM: Registered nosave memory: [mem 0x000f0000-0x000fffff]
[    0.000000] e820: [mem 0x80000000-0xfebfffff] available for PCI devices
[    0.000000] Booting paravirtualized kernel on KVM
[    0.000000] clocksource: refined-jiffies: mask: 0xffffffff max_cycles: 0xffffffff, max_idle_ns: 7645519600211568 ns
[    0.000000] setup_percpu: NR_CPUS:512 nr_cpumask_bits:512 nr_cpu_ids:1 nr_node_ids:1
[    0.000000] PERCPU: Embedded 33 pages/cpu @ffff88007fc00000 s95448 r8192 d31528 u2097152
[    0.000000] Built 1 zonelists in Node order, mobility grouping on.  Total pages: 515960
[    0.000000] Policy zone: DMA32
[    0.000000] Kernel command line: BOOT_IMAGE=/boot/vmlinuz-4.4.0-176-generic root=LABEL=cloudimg-rootfs ro console=tty1 console=ttyS0
[    0.000000] PID hash table entries: 4096 (order: 3, 32768 bytes)
[    0.000000] Memory: 2030000K/2096696K available (8626K kernel code, 1336K rwdata, 4032K rodata, 1488K init, 1292K bss, 66696K reserved, 0K cma-reserved)
[    0.000000] SLUB: HWalign=64, Order=0-3, MinObjects=0, CPUs=1, Nodes=1
[    0.000000] Kernel/User page tables isolation: enabled
[    0.000000] Hierarchical RCU implementation.
[    0.000000] 	Build-time adjustment of leaf fanout to 64.
[    0.000000] 	RCU restricting CPUs from NR_CPUS=512 to nr_cpu_ids=1.
[    0.000000] RCU: Adjusting geometry for rcu_fanout_leaf=64, nr_cpu_ids=1
[    0.000000] NR_IRQS:33024 nr_irqs:256 16
[    0.000000] Console: colour VGA+ 80x25
[    0.000000] console [tty1] enabled
[    0.000000] console [ttyS0] enabled
[    0.000000] tsc: Detected 1391.999 MHz processor
[    3.356275] Calibrating delay loop (skipped) preset value.. 2783.99 BogoMIPS (lpj=5567996)
[    3.406236] pid_max: default: 32768 minimum: 301
[    3.447538] ACPI: Core revision 20150930
[    3.479422] ACPI: 2 ACPI AML tables successfully acquired and loaded
[    3.554628] Security Framework initialized
[    3.624957] Yama: becoming mindful.
[    3.677723] AppArmor: AppArmor initialized
[    3.780244] Dentry cache hash table entries: 262144 (order: 9, 2097152 bytes)
[    3.860830] Inode-cache hash table entries: 131072 (order: 8, 1048576 bytes)
[    3.947998] Mount-cache hash table entries: 4096 (order: 3, 32768 bytes)
[    3.983820] Mountpoint-cache hash table entries: 4096 (order: 3, 32768 bytes)
[    4.022838] Initializing cgroup subsys io
[    4.049950] Initializing cgroup subsys memory
[    4.053331] Initializing cgroup subsys devices
[    4.072528] Initializing cgroup subsys freezer
[    4.077556] Initializing cgroup subsys net_cls
[    4.081841] Initializing cgroup subsys perf_event
[    4.128297] Initializing cgroup subsys net_prio
[    4.148576] Initializing cgroup subsys hugetlb
[    4.155291] Initializing cgroup subsys pids
[    4.178016] mce: CPU supports 0 MCE banks
[    4.184221] process: using mwait in idle threads
[    4.204666] Last level iTLB entries: 4KB 64, 2MB 8, 4MB 8
[    4.225961] Last level dTLB entries: 4KB 64, 2MB 0, 4MB 0, 1GB 4
[    4.248796] Spectre V1 : Mitigation: usercopy/swapgs barriers and __user pointer sanitization
[    4.276536] Spectre V2 : Mitigation: Full generic retpoline
[    4.300543] Spectre V2 : Spectre v2 / SpectreRSB mitigation: Filling RSB on context switch
[    4.326158] Speculative Store Bypass: Vulnerable
[    4.333456] MDS: Vulnerable: Clear CPU buffers attempted, no microcode
[    4.525587] Freeing SMP alternatives memory: 36K
[    4.577530] ftrace: allocating 32305 entries in 127 pages
[    5.074960] smpboot: APIC(0) Converting physical 0 to logical package 0
[    5.102412] smpboot: Max logical packages: 1
[    5.122682] x2apic enabled
[    5.129890] Switched APIC routing to physical x2apic.
[    5.201255] ..TIMER: vector=0x30 apic1=0 pin1=2 apic2=-1 pin2=-1
[    5.347579] APIC calibration not consistent with PM-Timer: 95ms instead of 100ms
[    5.401330] APIC delta adjusted to PM-Timer: 6163182 (5912870)
[    5.430637] smpboot: CPU0: Intel(R) Core(TM) i7-7Y75 CPU @ 1.30GHz (family: 0x6, model: 0x8e, stepping: 0x9)
[    5.480584] Performance Events: unsupported p6 CPU model 142 no PMU driver, software events only.
[    5.634485] KVM setup paravirtual spinlock
[    5.659089] x86: Booted up 1 node, 1 CPUs
[    5.697526] smpboot: Total of 1 processors activated (2783.99 BogoMIPS)
[    5.747493] devtmpfs: initialized
[    5.755085] evm: security.selinux
[    5.774202] evm: security.SMACK64
[    5.783976] evm: security.SMACK64EXEC
[    5.806947] evm: security.SMACK64TRANSMUTE
[    5.835598] evm: security.SMACK64MMAP
[    5.856474] evm: security.ima
[    5.874171] evm: security.capability
[    5.885368] clocksource: jiffies: mask: 0xffffffff max_cycles: 0xffffffff, max_idle_ns: 7645041785100000 ns
[    5.927463] futex hash table entries: 256 (order: 2, 16384 bytes)
[    5.950655] pinctrl core: initialized pinctrl subsystem
[    5.975357] RTC time: 12:12:00, date: 03/25/20
[    6.000288] NET: Registered protocol family 16
[    6.028632] cpuidle: using governor ladder
[    6.053083] cpuidle: using governor menu
[    6.078525] PCCT header not found.
[    6.084171] ACPI: bus type PCI registered
[    6.105579] acpiphp: ACPI Hot Plug PCI Controller Driver version: 0.5
[    6.150415] PCI: Using configuration type 1 for base access
[    6.178747] ACPI: Added _OSI(Module Device)
[    6.199227] ACPI: Added _OSI(Processor Device)
[    6.221930] ACPI: Added _OSI(3.0 _SCP Extensions)
[    6.230600] ACPI: Added _OSI(Processor Aggregator Device)
[    6.254945] ACPI: Executed 1 blocks of module-level executable AML code
[    6.297996] ACPI: Interpreter enabled
[    6.322839] ACPI: (supports S0 S5)
[    6.330944] ACPI: Using IOAPIC for interrupt routing
[    6.373503] PCI: Using host bridge windows from ACPI; if necessary, use "pci=nocrs" and report a bug
[    6.410805] ACPI: PCI Root Bridge [PCI0] (domain 0000 [bus 00-ff])
[    6.433269] acpi PNP0A03:00: _OSC: OS supports [ASPM ClockPM Segments MSI]
[    6.456717] acpi PNP0A03:00: _OSC: not requesting OS control; OS requires [ExtendedConfig ASPM ClockPM MSI]
[    6.502974] acpi PNP0A03:00: fail to add MMCONFIG information, can't access extended PCI configuration space under this bridge.
[    6.551167] PCI host bridge to bus 0000:00
[    6.560963] pci_bus 0000:00: root bus resource [io  0x0000-0x0cf7 window]
[    6.583312] pci_bus 0000:00: root bus resource [io  0x0d00-0xffff window]
[    6.607685] pci_bus 0000:00: root bus resource [mem 0x000a0000-0x000bffff window]
[    6.647082] pci_bus 0000:00: root bus resource [mem 0x80000000-0xfdffffff window]
[    6.700790] pci_bus 0000:00: root bus resource [bus 00-ff]
[    6.799470] pci 0000:00:01.1: legacy IDE quirk: reg 0x10: [io  0x01f0-0x01f7]
[    6.831462] pci 0000:00:01.1: legacy IDE quirk: reg 0x14: [io  0x03f6]
[    6.981909] pci 0000:00:01.1: legacy IDE quirk: reg 0x18: [io  0x0170-0x0177]
[    7.004357] pci 0000:00:01.1: legacy IDE quirk: reg 0x1c: [io  0x0376]
[    7.107139] pci 0000:00:07.0: quirk: [io  0x4000-0x403f] claimed by PIIX4 ACPI
[    7.126371] pci 0000:00:07.0: quirk: [io  0x4100-0x410f] claimed by PIIX4 SMB
[    7.222382] ACPI: PCI Interrupt Link [LNKA] (IRQs 5 9 10 *11)
[    7.248586] ACPI: PCI Interrupt Link [LNKB] (IRQs 5 9 *10 11)
[    7.259163] ACPI: PCI Interrupt Link [LNKC] (IRQs 5 *9 10 11)
[    7.279374] ACPI: PCI Interrupt Link [LNKD] (IRQs 5 9 10 *11)
[    7.298182] ACPI: Enabled 2 GPEs in block 00 to 07
[    7.305108] vgaarb: setting as boot device: PCI:0000:00:02.0
[    7.324159] vgaarb: device added: PCI:0000:00:02.0,decodes=io+mem,owns=io+mem,locks=none
[    7.351361] vgaarb: loaded
[    7.354681] vgaarb: bridge control possible 0000:00:02.0
[    7.375015] SCSI subsystem initialized
[    7.380153] ACPI: bus type USB registered
[    7.385484] usbcore: registered new interface driver usbfs
[    7.402936] usbcore: registered new interface driver hub
[    7.424537] usbcore: registered new device driver usb
[    7.428791] PCI: Using ACPI for IRQ routing
[    7.434964] NetLabel: Initializing
[    7.449702] NetLabel:  domain hash size = 128
[    7.455630] NetLabel:  protocols = UNLABELED CIPSOv4
[    7.472702] NetLabel:  unlabeled traffic allowed by default
[    7.479912] amd_nb: Cannot enumerate AMD northbridges
[    7.486298] clocksource: Switched to clocksource kvm-clock
[    7.532075] AppArmor: AppArmor Filesystem Enabled
[    7.546742] pnp: PnP ACPI init
[    7.554895] pnp: PnP ACPI: found 3 devices
[    7.578104] clocksource: acpi_pm: mask: 0xffffff max_cycles: 0xffffff, max_idle_ns: 2085701024 ns
[    7.597310] NET: Registered protocol family 2
[    7.601540] TCP established hash table entries: 16384 (order: 5, 131072 bytes)
[    7.621870] TCP bind hash table entries: 16384 (order: 6, 262144 bytes)
[    7.649501] TCP: Hash tables configured (established 16384 bind 16384)
[    7.656770] UDP hash table entries: 1024 (order: 3, 32768 bytes)
[    7.676150] UDP-Lite hash table entries: 1024 (order: 3, 32768 bytes)
[    7.686307] NET: Registered protocol family 1
[    7.702165] pci 0000:00:00.0: Limiting direct PCI/PCI transfers
[    7.726041] pci 0000:00:01.0: Activating ISA DMA hang workarounds
[    7.747935] Unpacking initramfs...
[    9.251048] Freeing initrd memory: 14876K
[    9.259605] clocksource: tsc: mask: 0xffffffffffffffff max_cycles: 0x14109a24aaa, max_idle_ns: 440795250993 ns
[    9.283213] platform rtc_cmos: registered platform RTC device (no PNP device found)
[    9.301378] Scanning for low memory corruption every 60 seconds
[    9.307663] audit: initializing netlink subsys (disabled)
[    9.324483] audit: type=2000 audit(1585138337.138:1): initialized
[    9.335035] Initialise system trusted keyring
[    9.351326] HugeTLB registered 2 MB page size, pre-allocated 0 pages
[    9.370830] zbud: loaded
[    9.374784] VFS: Disk quotas dquot_6.6.0
[    9.379244] VFS: Dquot-cache hash table entries: 512 (order 0, 4096 bytes)
[    9.403397] squashfs: version 4.0 (2009/01/31) Phillip Lougher
[    9.420802] fuse init (API version 7.23)
[    9.427297] Key type big_key registered
[    9.432807] Allocating IMA MOK and blacklist keyrings.
[    9.448514] Key type asymmetric registered
[    9.454221] Asymmetric key parser 'x509' registered
[    9.473540] Block layer SCSI generic (bsg) driver version 0.4 loaded (major 249)
[    9.506835] io scheduler noop registered
[    9.533873] io scheduler deadline registered (default)
[    9.559464] io scheduler cfq registered
[    9.583825] pci_hotplug: PCI Hot Plug PCI Core version: 0.5
[    9.627440] pciehp: PCI Express Hot Plug Controller Driver version: 0.4
[    9.681557] ACPI: AC Adapter [AC] (on-line)
[    9.731422] input: Power Button as /devices/LNXSYSTM:00/LNXPWRBN:00/input/input0
[    9.831572] ACPI: Power Button [PWRF]
[    9.860290] input: Sleep Button as /devices/LNXSYSTM:00/LNXSLPBN:00/input/input1
[    9.935878] ACPI: Sleep Button [SLPF]
[    9.974093] GHES: HEST is not enabled!
[    9.985242] ACPI: Battery Slot [BAT0] (battery present)
[   10.024446] Serial: 8250/16550 driver, 32 ports, IRQ sharing enabled
[   10.072922] 00:02: ttyS0 at I/O 0x3f8 (irq = 4, base_baud = 115200) is a 16550A
[   10.100053] Linux agpgart interface v0.103
[   10.123569] loop: module loaded
[   10.130986] scsi host0: ata_piix
[   10.146315] scsi host1: ata_piix
[   10.151482] ata1: PATA max UDMA/33 cmd 0x1f0 ctl 0x3f6 bmdma 0xd000 irq 14
[   10.161187] ata2: PATA max UDMA/33 cmd 0x170 ctl 0x376 bmdma 0xd008 irq 15
[   10.179182] libphy: Fixed MDIO Bus: probed
[   10.199301] tun: Universal TUN/TAP device driver, 1.6
[   10.205947] tun: (C) 1999-2004 Max Krasnyansky <maxk@qualcomm.com>
[   10.222478] PPP generic driver version 2.4.2
[   10.226922] ehci_hcd: USB 2.0 'Enhanced' Host Controller (EHCI) Driver
[   10.236014] ehci-pci: EHCI PCI platform driver
[   10.249147] ehci-platform: EHCI generic platform driver
[   10.271359] ohci_hcd: USB 1.1 'Open' Host Controller (OHCI) Driver
[   10.277130] ohci-pci: OHCI PCI platform driver
[   10.282166] ohci-platform: OHCI generic platform driver
[   10.298154] uhci_hcd: USB Universal Host Controller Interface driver
[   10.306353] i8042: PNP: PS/2 Controller [PNP0303:PS2K,PNP0f03:PS2M] at 0x60,0x64 irq 1,12
[   10.324498] serio: i8042 KBD port at 0x60,0x64 irq 1
[   10.329446] serio: i8042 AUX port at 0x60,0x64 irq 12
[   10.336105] mousedev: PS/2 mouse device common for all mice
[   10.353164] input: AT Translated Set 2 keyboard as /devices/platform/i8042/serio0/input/input2
[   10.373862] rtc_cmos rtc_cmos: rtc core: registered rtc_cmos as rtc0
[   10.381193] rtc_cmos rtc_cmos: alarms up to one day, 114 bytes nvram
[   10.399478] i2c /dev entries driver
[   10.402896] device-mapper: uevent: version 1.0.3
[   10.406904] device-mapper: ioctl: 4.34.0-ioctl (2015-10-28) initialised: dm-devel@redhat.com
[   10.427478] ledtrig-cpu: registered to indicate activity on CPUs
[   10.436470] NET: Registered protocol family 10
[   10.456197] NET: Registered protocol family 17
[   10.476079] Key type dns_resolver registered
[   10.485443] registered taskstats version 1
[   10.504360] Loading compiled-in X.509 certificates
[   10.529051] Loaded X.509 cert 'Build time autogenerated kernel key: c2b7431ed9258328a3a0cf301f850647788d8e61'
[   10.573530] zswap: loaded using pool lzo/zbud
[   10.606270] Key type trusted registered
[   10.647786] Key type encrypted registered
[   10.671711] AppArmor: AppArmor sha1 policy hashing enabled
[   10.678323] ima: No TPM chip found, activating TPM-bypass!
[   10.709423] ima: Allocated hash algorithm: sha1
[   10.760506] evm: HMAC attrs: 0x1
[   10.774966]   Magic number: 12:300:229
[   10.786459] rtc_cmos rtc_cmos: setting system clock to 2020-03-25 12:12:05 UTC (1585138325)
[   10.806333] BIOS EDD facility v0.16 2004-Jun-25, 0 devices found
[   10.821769] EDD information not available.
[   10.832368] Freeing unused kernel memory: 1488K
[   10.854673] Write protecting the kernel read-only data: 14336k
[   10.878066] Freeing unused kernel memory: 1604K
[   10.907403] Freeing unused kernel memory: 64K
Loading, please wait...
starting version 229
[   11.003437] random: systemd-udevd: uninitialized urandom read (16 bytes read, 7 bits of entropy available)
[   11.027739] random: udevadm: uninitialized urandom read (16 bytes read, 7 bits of entropy available)
[   11.053397] random: systemd-udevd: uninitialized urandom read (16 bytes read, 7 bits of entropy available)
[   11.073762] random: udevadm: uninitialized urandom read (16 bytes read, 7 bits of entropy available)
[   11.110433] random: systemd-udevd: uninitialized urandom read (16 bytes read, 7 bits of entropy available)
[   11.253741] random: udevadm: uninitialized urandom read (16 bytes read, 7 bits of entropy available)
[   11.297790] random: systemd-udevd: uninitialized urandom read (16 bytes read, 7 bits of entropy available)
[   11.333619] random: systemd-udevd: uninitialized urandom read (16 bytes read, 7 bits of entropy available)
[   11.409328] random: udevadm: uninitialized urandom read (16 bytes read, 7 bits of entropy available)
[   11.435811] random: udevadm: uninitialized urandom read (16 bytes read, 7 bits of entropy available)
[   12.154973] e1000: Intel(R) PRO/1000 Network Driver - version 7.3.21-k8-NAPI
[   12.171887] e1000: Copyright (c) 1999-2006 Intel Corporation.
[   12.184521] Fusion MPT base driver 3.04.20
[   12.201554] Copyright (c) 1999-2008 LSI Corporation
[   12.371588] Fusion MPT SPI Host driver 3.04.20
[   12.526386] input: ImExPS/2 Generic Explorer Mouse as /devices/platform/i8042/serio1/input/input4
[   12.585137] AVX2 version of gcm_enc/dec engaged.
[   12.602793] AES CTR mode by8 optimization enabled
[   14.154947] e1000 0000:00:03.0 eth0: (PCI:33MHz:32-bit) 02:0a:da:58:a4:e2
[   14.172240] e1000 0000:00:03.0 eth0: Intel(R) PRO/1000 Network Connection
[   14.181440] mptbase: ioc0: Initiating bringup
[   14.270935] ioc0: LSI53C1030 A0: Capabilities={Initiator}
[   14.473557] scsi host2: ioc0: LSI53C1030 A0, FwRev=00000000h, Ports=1, MaxQ=256, IRQ=20
[   14.630830] scsi 2:0:0:0: Direct-Access     VBOX     HARDDISK         1.0  PQ: 0 ANSI: 5
[   14.682149] scsi target2:0:0: Beginning Domain Validation
[   14.703741] scsi target2:0:0: Domain Validation skipping write tests
[   14.722422] scsi target2:0:0: Ending Domain Validation
[   14.748942] scsi target2:0:0: asynchronous
[   14.802097] scsi 2:0:1:0: Direct-Access     VBOX     HARDDISK         1.0  PQ: 0 ANSI: 5
[   14.820612] scsi target2:0:1: Beginning Domain Validation
[   15.009770] scsi target2:0:1: Domain Validation skipping write tests
[   15.151689] scsi target2:0:1: Ending Domain Validation
[   15.302984] scsi target2:0:1: asynchronous
[   15.621536] sd 2:0:0:0: [sda] 20971520 512-byte logical blocks: (10.7 GB/10.0 GiB)
[   15.627152] sd 2:0:0:0: Attached scsi generic sg0 type 0
[   15.646998] sd 2:0:0:0: [sda] Write Protect is off
[   15.651639] sd 2:0:1:0: [sdb] 20480 512-byte logical blocks: (10.5 MB/10.0 MiB)
[   15.672942] sd 2:0:1:0: Attached scsi generic sg1 type 0
[   15.697228] sd 2:0:0:0: [sda] Incomplete mode parameter data
[   15.703112] sd 2:0:0:0: [sda] Assuming drive cache: write through
[   15.708745] sd 2:0:1:0: [sdb] Write Protect is off
[   15.724510]  sda: sda1
[   15.755900] sd 2:0:1:0: [sdb] Incomplete mode parameter data
[   15.772912] sd 2:0:1:0: [sdb] Assuming drive cache: write through
[   15.777636] sd 2:0:0:0: [sda] Attached SCSI disk
[   15.885444] sd 2:0:1:0: [sdb] Attached SCSI disk
[   16.608612] e1000 0000:00:08.0 eth1: (PCI:33MHz:32-bit) 08:00:27:99:01:17
[   16.624386] e1000 0000:00:08.0 eth1: Intel(R) PRO/1000 Network Connection
[   16.658859] e1000 0000:00:03.0 enp0s3: renamed from eth0
[   16.674573] e1000 0000:00:08.0 enp0s8: renamed from eth1
Begin: Loading essential drivers ... [   18.957583] md: linear personality registered for level -1
[   18.984933] md: multipath personality registered for level -4
[   19.032988] md: raid0 personality registered for level 0
[   19.109640] md: raid1 personality registered for level 1
[   19.294718] raid6: sse2x1   gen()  1868 MB/s
[   19.369141] raid6: sse2x1   xor()  1375 MB/s
[   19.444064] raid6: sse2x2   gen()  2236 MB/s
[   19.519442] raid6: sse2x2   xor()  2139 MB/s
[   19.594192] raid6: sse2x4   gen()  3266 MB/s
[   19.671811] raid6: sse2x4   xor()  2296 MB/s
[   19.744139] raid6: avx2x1   gen()  4637 MB/s
[   19.819057] raid6: avx2x2   gen()  4945 MB/s
[   19.894174] raid6: avx2x4   gen()  3283 MB/s
[   19.900106] raid6: using algorithm avx2x2 gen() 4945 MB/s
[   19.906431] raid6: using avx2x2 recovery algorithm
[   19.928661] xor: automatically using best checksumming function:
[   19.994653]    avx       :  7765.000 MB/sec
[   20.003702] async_tx: api initialized (async)
[   20.060631] md: raid6 personality registered for level 6
[   20.074998] md: raid5 personality registered for level 5
[   20.083732] md: raid4 personality registered for level 4
[   20.128484] md: raid10 personality registered for level 10
done.
Begin: Running /scripts/init-premount ... done.
Begin: Mounting root file system ... Begin: Running /scripts/local-top ... done.
Begin: Running /scripts/local-premount ... [   20.376504] Btrfs loaded
Scanning for Btrfs filesystems
done.
[   20.631306] random: nonblocking pool is initialized
Warning: fsck not present, so skipping root file system
[   20.724387] EXT4-fs (sda1): mounted filesystem with ordered data mode. Opts: (null)
done.
Begin: Running /scripts/local-bottom ... done.
Begin: Running /scripts/init-bottom ... done.
[   21.058941] systemd[1]: systemd 229 running in system mode. (+PAM +AUDIT +SELINUX +IMA +APPARMOR +SMACK +SYSVINIT +UTMP +LIBCRYPTSETUP +GCRYPT +GNUTLS +ACL +XZ -LZ4 +SECCOMP +BLKID +ELFUTILS +KMOD -IDN)
[   21.084782] systemd[1]: Detected virtualization oracle.
[   21.096620] systemd[1]: Detected architecture x86-64.

Welcome to [1mUbuntu 16.04.6 LTS[0m!

[   21.108906] systemd[1]: Set hostname to <ubuntu-xenial>.
[   22.157068] systemd[1]: Reached target User and Group Name Lookups.
[[0;32m  OK  [0m] Reached target User and Group Name Lookups.
[   22.174682] systemd[1]: Listening on Syslog Socket.
[[0;32m  OK  [0m] Listening on Syslog Socket.
[   22.197021] systemd[1]: Listening on Journal Audit Socket.
[[0;32m  OK  [0m] Listening on Journal Audit Socket.
[   22.211317] systemd[1]: Listening on Device-mapper event daemon FIFOs.
[[0;32m  OK  [0m] Listening on Device-mapper event daemon FIFOs.
[   22.228365] systemd[1]: Reached target Encrypted Volumes.
[[0;32m  OK  [0m] Reached target Encrypted Volumes.
[   22.248963] systemd[1]: Listening on udev Kernel Socket.
[[0;32m  OK  [0m] Listening on udev Kernel Socket.
[   22.257260] systemd[1]: Created slice System Slice.
[[0;32m  OK  [0m] Created slice System Slice.
[   22.273185] systemd[1]: Listening on LVM2 metadata daemon socket.
[[0;32m  OK  [0m] Listening on LVM2 metadata daemon socket.
[   22.281191] systemd[1]: Listening on /dev/initctl Compatibility Named Pipe.
[[0;32m  OK  [0m] Listening on /dev/initctl Compatibility Named Pipe.
[   22.303413] systemd[1]: Created slice system-postgresql.slice.
[[0;32m  OK  [0m] Created slice system-postgresql.slice.
[   22.321643] systemd[1]: Listening on udev Control Socket.
[[0;32m  OK  [0m] Listening on udev Control Socket.
[   22.333433] systemd[1]: Started Forward Password Requests to Wall Directory Watch.
[[0;32m  OK  [0m] Started Forward Password Requests to Wall Directory Watch.
[   22.369760] systemd[1]: Listening on Journal Socket (/dev/log).
[[0;32m  OK  [0m] Listening on Journal Socket (/dev/log).
[   22.386308] systemd[1]: Started Trigger resolvconf update for networkd DNS.
[[0;32m  OK  [0m] Started Trigger resolvconf update for networkd DNS.
[   22.408863] systemd[1]: Listening on Journal Socket.
[[0;32m  OK  [0m] Listening on Journal Socket.
[   22.428978] systemd[1]: Starting Monitoring of LVM2 mirrors, snapshots etc. using dmeventd or progress polling...
         Starting Monitoring of LVM2 mirrors... dmeventd or progress polling...
[   22.475767] systemd[1]: Starting Remount Root and Kernel File Systems...
         Starting Remount Root and Kernel File Systems...
[   22.555694] systemd[1]: Mounting Debug File System...
         Mounting Debug File System...
[   22.626021] systemd[1]: Starting Create list of required static device nodes for the current kernel...
[   22.646555] EXT4-fs (sda1): re-mounted. Opts: (null)
         Starting Create list of required st... nodes for the current kernel...
[   22.779012] systemd[1]: Starting Journal Service...
         Starting Journal Service...
[   22.856783] systemd[1]: Starting Uncomplicated firewall...
         Starting Uncomplicated firewall...
[   22.895322] systemd[1]: Set up automount Arbitrary Executable File Formats File System Automount Point.
[[0;32m  OK  [0m] Set up automount Arbitrary Executab...ats File System Automount Point.
[   23.008268] systemd[1]: Mounting Huge Pages File System...
         Mounting Huge Pages File System...
[   23.058294] systemd[1]: Starting Load Kernel Modules...
         Starting Load Kernel Modules...
[   23.130091] systemd[1]: Created slice User and Session Slice.
[   23.180184] Loading iSCSI transport class v2.0-870.
[[0;32m  OK  [0m] Created slice User and Session Slice.
[   23.275885] systemd[1]: Reached target Slices.
[   23.330920] iscsi: registered transport (tcp)
[[0;32m  OK  [0m] Reached target Slices.
[   23.410019] systemd[1]: Created slice system-serial\x2dgetty.slice.
[[0;32m  OK  [0m] Created slice system-serial\x2dgetty.slice.
[   23.471607] systemd[1]: Reached target System Time Synchronized.
[[0;32m  OK  [0m] Reached target System Time Synchronized.
[   23.510359] systemd[1]: Reached target Swap.
[[0;32m  OK  [0m] Reached target Swap.
[   23.547949] systemd[1]: Starting Nameserver information manager...
         Starting Nameserver information manager...
[   23.579492] systemd[1]: Listening on LVM2 poll daemon socket.
[[0;32m  OK  [0m] Listening on LVM2 poll daemon socket.
[   23.628125] systemd[1]: Starting Set console keymap...
         Starting Set console keymap...
[   23.649806] systemd[1]: Mounting POSIX Message Queue File System...
         Mounting POSIX Message Queue File System...
[   23.683308] systemd[1]: Mounted Huge Pages File System.
[[0;32m  OK  [0m] Mounted Huge Pages File System.
[   23.732538] systemd[1]: Mounted Debug File System.
[[0;32m  OK  [0m] Mounted Debug File System.
[   23.874509] systemd[1]: Mounted POSIX Message Queue File System.
[[0;32m  OK  [0m] Mounted POSIX Message Queue File System.
[   23.946623] systemd[1]: Started Journal Service.
[[0;32m  OK  [0m] Started Journal Service.
[[0;32m  OK  [0[   24.002623] iscsi: registered transport (iser)
m] Started Remount Root and Kernel File Systems.
[[0;32m  OK  [0m] Started Create list of required sta...ce nodes for the current kernel.
[[0;32m  OK  [0m] Started Uncomplicated firewall.
[[0;32m  OK  [0m] Started LVM2 metadata daemon.
         Starting Create Static Device Nodes in /dev...
         Starting Load/Save Random Seed...
         Starting udev Coldplug all Devices...
         Starting Flush Journal to Persistent Storage...
[[0;32m  OK  [0m] Started Load Kernel Modules.
[[0;32m  OK  [0m] Started Nameserver information manager.
[[0;32m  OK  [0m] Started Load/Save Random Seed.
[[0;32m  OK  [0m] Started Create Static Device Nodes in /dev.
         Starting udev Kernel Device Manager...
         Starting Apply Kernel Variables...
         Mounting FUSE Control File System...
[   25.349556] systemd-journald[375]: Received request to flush runtime journal from PID 1
[[0;32m  OK  [0m] Started Monitoring of LVM2 mirrors,...ng dmeventd or progress polling.
[[0;32m  OK  [0m] Started Apply Kernel Variables.
[[0;32m  OK  [0m] Mounted FUSE Control File System.
[[0;32m  OK  [0m] Started Flush Journal to Persistent Storage.
[[0;32m  OK  [0m] Started Set console keymap.
[[0;32m  OK  [0m] Reached target Local File Systems (Pre).
[[0;32m  OK  [0m] Reached target Local File Systems.
         Starting LSB: AppArmor initialization...
         Starting Initial cloud-init job (pre-networking)...
         Starting Set console font and keymap...
         Starting Create Volatile Files and Directories...
         Starting Tell Plymouth To Write Out Runtime Data...
[[0;32m  OK  [0m] Started udev Kernel Device Manager.
[[0;32m  OK  [0m] Started Tell Plymouth To Write Out Runtime Data.
[[0;32m  OK  [0m] Started Create Volatile Files and Directories.
         Starting Update UTMP about System Boot/Shutdown...
[[0;32m  OK  [0m] Started Update UTMP about System Boot/Shutdown.
[[0;32m  OK  [0m] Started udev Coldplug all Devices.
[[0;32m  OK  [0m] Started Dispatch Password Requests to Console Directory Watch.
[[0;32m  OK  [0m] Started LSB: AppArmor initialization.
[[0;32m  OK  [0m] Found device /dev/ttyS0.
[[0;32m  OK  [0m] Found device 82540EM Gigabit Ethern...r (PRO/1000 MT Desktop Adapter).
[[0;32m  OK  [0m] Found device 82540EM Gigabit Ethern...r (PRO/1000 MT Desktop Adapter).
[[0;32m  OK  [0m] Started Set console font and keymap.
[[0;32m  OK  [0m] Listening on Load/Save RF Kill Switch Status /dev/rfkill Watch.
[[0;32m  OK  [0m] Created slice system-getty.slice.
[   57.136087] cloud-init[472]: Cloud-init v. 19.4-33-gbb4131a2-0ubuntu1~16.04.1 running 'init-local' at Wed, 25 Mar 2020 12:12:55 +0000. Up 54.43 seconds.
[[0;32m  OK  [0m] Started Initial cloud-init job (pre-networking).
[[0;32m  OK  [0m] Reached target Network (Pre).
         Starting Raise network interfaces...
[[0;32m  OK  [0m] Started ifup for enp0s8.
[[0;32m  OK  [0m] Started ifup for enp0s3.
[[0;32m  OK  [0m] Started Raise network interfaces.
         Starting Initial cloud-init job (metadata service crawler)...
[[0;32m  OK  [0m] Reached target Network.
[   63.206997] cloud-init[1084]: Cloud-init v. 19.4-33-gbb4131a2-0ubuntu1~16.04.1 running 'init' at Wed, 25 Mar 2020 12:13:01 +0000. Up 60.76 seconds.
[   63.281094] cloud-init[1084]: ci-info: ++++++++++++++++++++++++++++++++++++++Net device info++++++++++++++++++++++++++++++++++++++
[   63.334292] cloud-init[1084]: ci-info: +--------+------+----------------------------+---------------+--------+-------------------+
[   63.436242] cloud-init[1084]: ci-info: | Device |  Up  |          Address           |      Mask     | Scope  |     Hw-Address    |
[   63.477636] cloud-init[1084]: ci-info: +--------+------+----------------------------+---------------+--------+-------------------+
[   63.502534] cloud-init[1084]: ci-info: | enp0s3 | True |         10.0.2.15          | 255.255.255.0 | global | 02:0a:da:58:a4:e2 |
[   63.526858] cloud-init[1084]: ci-info: | enp0s3 | True | fe80::a:daff:fe58:a4e2/64  |       .       |  link  | 02:0a:da:58:a4:e2 |
[   63.561380] cloud-init[1084]: ci-info: | enp0s8 | True |       192.168.66.12        | 255.255.255.0 | global | 08:00:27:99:01:17 |
[   63.753528] cloud-init[1084]: ci-info: | enp0s8 | True | fe80::a00:27ff:fe99:117/64 |       .       |  link  | 08:00:27:99:01:17 |
[   63.804935] cloud-init[1084]: ci-info: |   lo   | True |         127.0.0.1          |   255.0.0.0   |  host  |         .         |
[   63.864457] cloud-init[1084]: ci-info: |   lo   | True |          ::1/128           |       .       |  host  |         .         |
[   63.911210] cloud-init[1084]: ci-info: +--------+------+----------------------------+---------------+--------+-------------------+
[   63.938518] cloud-init[1084]: ci-info: ++++++++++++++++++++++++++++Route IPv4 info++++++++++++++++++++++++++++
[   63.960842] cloud-init[1084]: ci-info: +-------+--------------+----------+---------------+-----------+-------+
[   63.983770] cloud-init[1084]: ci-info: | Route | Destination  | Gateway  |    Genmask    | Interface | Flags |
[   64.007748] cloud-init[1084]: ci-info: +-------+--------------+----------+---------------+-----------+-------+
[   64.033124] cloud-init[1084]: ci-info: |   0   |   0.0.0.0    | 10.0.2.2 |    0.0.0.0    |   enp0s3  |   UG  |
[   64.066048] cloud-init[1084]: ci-info: |   1   |   10.0.2.0   | 0.0.0.0  | 255.255.255.0 |   enp0s3  |   U   |
[   64.110304] cloud-init[1084]: ci-info: |   2   | 192.168.66.0 | 0.0.0.0  | 255.255.255.0 |   enp0s8  |   U   |
[   64.155084] cloud-init[1084]: ci-info: +-------+--------------+----------+---------------+-----------+-------+
[   64.187308] cloud-init[[0;32m  OK  [0m] Started Initial cloud-init job (metadata service crawler).
[[0;32m  OK  [0m] Reached target Network is Online.
[1084]:          Starting iSCSI initiator daemon (iscsid)...
[[0;32m  OK  [0mci-info: +++++++++++++++++++Route IPv6 info+++++++++++++++++++] Reached target Cloud-config availability.
[
[   64.364826] cloud-init[0;32m  OK  [0m] Reached target System Initialization.
         [1084]: ci-info: +-------+-------------+---------+-----------+-------+Starting LXD - unix socket.
[[0;32m  OK  [0m] Listening on UUID daemon activation socket.
         Starting Socket activation for snappy daemon.
[[0;32m  OK  [0m] Started Daily Cleanup of Temporary Directories.

[[0;32m  OK  [0m] Started Message of the Day.
[[0;32m  OK  [0m] Listening on D-Bus System Message Bus Socket.
[[0;32m  OK  [0m] Listening on ACPID Listen Socket.
[[0;32m  OK  [0m] Started Daily apt download activities.
[   64.466377] cloud-init[1084]: ci-info: | Route | Destination | Gateway | Interface | Flags |
[   64.537568] cloud-init[1084]: ci-info: +-------+-------------+---------+-----------+-------+
[   64.561979] cloud-init[1084]: ci-info: |   0   |  fe80::/64  |    ::   |   enp0s8  |   U   |
[   64.575930] cloud-init[1084]: ci-info: |   1   |  fe80::/64  |    ::   |   enp0s3  |   U   |
[[0;32m  OK  [0m] Started ACPI Events Check.
[[0;32m  OK  [0m] Reached target Paths.
[[0;32m  OK  [0m] Started Daily apt upgrade and clean activities.
[[0;32m  OK  [0m] Reached target Timers.
[   64.590054] cloud-init[1084]: ci-info: |   6   |   ff00::/8  |    ::   |   enp0s8  |   U   |
[   64.626301] cloud-init[1084]: ci-info: |   7   |   ff00::/8  |    ::   |   enp0s3  |   U   |
[[0;32m  OK  [0m] Listening on LXD - unix socket.
[[0;32m  OK  [0m] Listening on Socket activation for snappy daemon.
[   64.656465] cloud-init[1084]: ci-info: +-------+-------------+---------+-----------+-------+
[[0;32m  OK  [0m] Started iSCSI initiator daemon (iscsid).
         Starting Login to default iSCSI targets...
[[0;32m  OK  [0m] Reached target Sockets.
[[0;32m  OK  [0m] Reached target Basic System.
         Starting Login Service...
         Starting /etc/rc.local Compatibility...
[[0;32m  OK  [0m] Started Deferred execution scheduler.
         Starting PostgreSQL Cluster 10-main...
         Starting A high performance web server and a reverse proxy server...
         Starting LSB: MD monitoring daemon...
         Starting System Logging Service...
[[0;32m  OK  [0m] Started FUSE filesystem for LXC.
         Starting Virtualbox guest utils...
[[0;32m  OK  [0m] Started Regular background program processing daemon.
         Starting PostgreSQL Cluster 12-main...
         Starting LXD - container startup/shutdown...
         Starting Snappy daemon...
[[0;32m  OK  [0m] Started ACPI event daemon.
         Starting LSB: Record successful boot for GRUB...
         Starting Accounts Service...
         Starting OpenBSD Secure Shell server...
[[0;32m  OK  [0m] Started D-Bus System Message Bus.
[[0;32m  OK  [0m] Started System Logging Service.
[[0;32m  OK  [0m] Started /etc/rc.local Compatibility.
[[0;32m  OK  [0m] Started Login Service.
[[0;32m  OK  [0m] Started Unattended Upgrades Shutdown.
         Starting Authenticate and Authorize Users to Run Privileged Tasks...
[[0;32m  OK  [0m] Started Login to default iSCSI targets.
[[0;32m  OK  [0m] Reached target Remote File Systems (Pre).
[[0;32m  OK  [0m] Reached target Remote File Systems.
         Starting LSB: Start/stop sysstat's sadc...
         Starting Permit User Sessions...
         Starting LSB: daemon to balance interrupts for SMP systems...
         Starting LSB: Start Tomcat....
         Starting LSB: Set the CPU Frequency Scaling governor to "ondemand"...
         Starting LSB: automatic crash report generation...
[[0;32m  OK  [0m] Started OpenBSD Secure Shell server.
[[0;32m  OK  [0m] Started LSB: MD monitoring daemon.
[[0;32m  OK  [0m] Started Permit User Sessions.
         Starting Terminate Plymouth Boot Screen...
         Starting Hold until boot process finishes up...
[[0;32m  OK  [0m] Started Terminate Plymouth Boot Screen.
[[0;32m  OK  [0m] Started LSB: Record successful boot for GRUB.
[[0;32m  OK  [0m] Started Hold until boot process finishes up.
[[0;32m  OK  [0m] Started LSB: Start/stop sysstat's sadc.
[[0;32m  OK  [0m] Started Serial Getty on ttyS0.
[[0;32m  OK  [0m] Started Getty on tty1.
[[0;32m  OK  [0m] Reached target Login Prompts.
         Starting Set console scheme...
[[0;32m  OK  [0m] Started A high performance web server and a reverse proxy server.
[[0;32m  OK  [0m] Started Set console scheme.
[[0;32m  OK  [0m] Started LXD - container startup/shutdown.
[[0;32m  OK  [0m] Started LSB: daemon to balance interrupts for SMP systems.
[[0;32m  OK  [0m] Started LSB: Set the CPU Frequency Scaling governor to "ondemand".
[[0;32m  OK  [0m] Started Authenticate and Authorize Users to Run Privileged Tasks.
[[0;32m  OK  [0m] Started Accounts Service.
[[0;32m  OK  [0m] Started LSB: automatic crash report generation.
[[0;32m  OK  [0m] Started Virtualbox guest utils.
[[0;32m  OK  [0m] Created slice User Slice of vagrant.
         Starting User Manager for UID 1000...
[[0;32m  OK  [0m] Started Session 1 of user vagrant.
[[0;32m  OK  [0m] Started User Manager for UID 1000.
[[0;32m  OK  [0m] Started Snappy daemon.
         Starting Wait until snapd is fully seeded...

Ubuntu 16.04.6 LTS ubuntu-xenial ttyS0

ubuntu-xenial login: [   99.449686] cloud-init[1507]: Cloud-init v. 19.4-33-gbb4131a2-0ubuntu1~16.04.1 running 'modules:config' at Wed, 25 Mar 2020 12:13:37 +0000. Up 96.59 seconds.
[  109.397789] cloud-init[1946]: Cloud-init v. 19.4-33-gbb4131a2-0ubuntu1~16.04.1 running 'modules:final' at Wed, 25 Mar 2020 12:13:47 +0000. Up 106.52 seconds.
[  109.492442] cloud-init[1946]: Cloud-init v. 19.4-33-gbb4131a2-0ubuntu1~16.04.1 finished at Wed, 25 Mar 2020 12:13:49 +0000. Datasource DataSourceNoCloud [seed=/dev/sdb][dsmode=net].  Up 109.02 seconds
